[19:01:06] [main/INFO]: Environment: authHost='https://authserver.mojang.com', accountsHost='https://api.mojang.com', sessionHost='https://sessionserver.mojang.com', servicesHost='https://api.minecraftservices.com', name='PROD'
[19:01:06] [main/WARN]: Ambiguity between arguments [teleport, location] and [teleport, destination] with inputs: [0.1 -0.5 .9, 0 0 0]
[19:01:06] [main/WARN]: Ambiguity between arguments [teleport, location] and [teleport, targets] with inputs: [0.1 -0.5 .9, 0 0 0]
[19:01:06] [main/WARN]: Ambiguity between arguments [teleport, destination] and [teleport, targets] with inputs: [Player, 0123, @e, dd12be42-52a9-4a91-a8a1-11c01849e498]
[19:01:06] [main/WARN]: Ambiguity between arguments [teleport, targets] and [teleport, destination] with inputs: [Player, 0123, dd12be42-52a9-4a91-a8a1-11c01849e498]
[19:01:06] [main/WARN]: Ambiguity between arguments [teleport, targets, location] and [teleport, targets, destination] with inputs: [0.1 -0.5 .9, 0 0 0]
[19:01:06] [main/INFO]: Reloading ResourceManager: Default
[19:01:06] [Worker-Main-9/INFO]: Loaded 7 recipes
[19:01:06] [Worker-Main-9/INFO]: Loaded 1137 advancements
[19:01:08] [Server thread/INFO]: Starting minecraft server version 1.17.1
[19:01:08] [Server thread/INFO]: Loading properties
[19:01:08] [Server thread/INFO]: Default game type: SURVIVAL
[19:01:08] [Server thread/INFO]: Generating keypair
[19:01:08] [Server thread/INFO]: Starting Minecraft server on *:25565
[19:01:08] [Server thread/INFO]: Using epoll channel type
[19:01:08] [Server thread/INFO]: Preparing level "world"
[19:01:08] [Server thread/INFO]: Preparing start region for dimension minecraft:overworld
[19:01:09] [Worker-Main-13/INFO]: Preparing spawn area: 0%
[19:01:09] [Worker-Main-13/INFO]: Preparing spawn area: 0%
[19:01:09] [Worker-Main-14/INFO]: Preparing spawn area: 0%
[19:01:10] [Worker-Main-12/INFO]: Preparing spawn area: 1%
[19:01:13] [Worker-Main-12/INFO]: Preparing spawn area: 11%
[19:01:13] [Worker-Main-11/INFO]: Preparing spawn area: 11%
[19:01:13] [Worker-Main-11/INFO]: Preparing spawn area: 11%
[19:01:13] [Worker-Main-11/INFO]: Preparing spawn area: 11%
[19:01:13] [Worker-Main-11/INFO]: Preparing spawn area: 11%
[19:01:13] [Worker-Main-11/INFO]: Preparing spawn area: 11%
[19:01:13] [Worker-Main-12/INFO]: Preparing spawn area: 41%
[19:01:14] [Server thread/INFO]: Time elapsed: 5449 ms
[19:01:14] [Server thread/INFO]: Done (5.584s)! For help, type "help"
